2026-04-03 01:24:58,568 | INFO | [LOW] enrollment_started | Student: BIswajit (2102508452)
2026-04-03 01:25:10,743 | INFO | [LOW] enrollment_started | Session: 2102508452_1775179497436 | confidence:75%
2026-04-03 01:25:16,173 | INFO | [LOW] enrollment_complete | Enrolled 5 directions | confidence:75%
2026-04-03 01:25:18,745 | INFO | [LOW] enrollment_complete | Enrolled: BIswajit
2026-04-03 01:25:20,378 | INFO | [LOW] exam_started | Questions:3 Time:450s
2026-04-03 01:25:23,764 | INFO | [HIGH] head_turned | Head turned right (125°) | confidence:85%
2026-04-03 01:25:24,039 | INFO | [HIGH] gaze_away | Looking left (ratio:1.12) | confidence:82%
2026-04-03 01:25:31,798 | INFO | [HIGH] head_turned | Head turned right (13°) | confidence:85%
2026-04-03 01:25:33,174 | INFO | [LOW] answer_selected | q:1|a:A|correct:A
2026-04-03 01:25:37,207 | INFO | [HIGH] gaze_away | Looking left (ratio:1.30) | confidence:82%
2026-04-03 01:25:40,511 | INFO | [LOW] answer_selected | q:2|a:B|correct:B
2026-04-03 01:25:43,314 | INFO | [LOW] answer_selected | q:3|a:C|correct:C
2026-04-03 01:25:46,463 | INFO | [HIGH] window_focus_lost | Student switched away from exam
2026-04-03 01:25:52,946 | INFO | [HIGH] submit_failed | Client submit failed after 3 attempts
2026-04-03 01:26:17,685 | INFO | [HIGH] head_turned | Head turned right (80°) | confidence:85%
2026-04-03 01:26:21,803 | INFO | [HIGH] multiple_faces | 2 faces in frame | confidence:92%
2026-04-03 01:26:26,665 | INFO | [HIGH] face_missing | No face detected for 10 frames | confidence:95%
2026-04-03 01:26:26,903 | INFO | [HIGH] head_turned | Head turned right (47°) | confidence:85%
2026-04-03 01:26:29,802 | INFO | [HIGH] multiple_faces | 2 faces in frame | confidence:92%
2026-04-03 01:26:36,245 | INFO | [HIGH] head_turned | Head turned right (5°) | confidence:85%
2026-04-03 01:26:44,482 | INFO | [HIGH] head_turned | Head turned left (-9°) | confidence:85%
2026-04-03 01:26:51,568 | INFO | [HIGH] window_focus_lost | Student switched away from exam
2026-04-03 01:26:56,820 | INFO | [HIGH] tab_hidden | Exam tab hidden
2026-04-03 01:27:00,063 | INFO | [HIGH] head_turned | Head turned left (-25°) | confidence:85%
2026-04-03 01:27:17,616 | INFO | [HIGH] head_turned | Head turned left (-40°) | confidence:85%
2026-04-03 01:27:17,909 | INFO | [HIGH] gaze_away | Looking right (ratio:0.12) | confidence:82%
2026-04-03 01:27:27,605 | INFO | [HIGH] head_turned | Head turned left (-40°) | confidence:85%
2026-04-03 01:27:35,619 | INFO | [HIGH] head_turned | Head turned left (-37°) | confidence:85%
2026-04-03 01:27:43,630 | INFO | [HIGH] head_turned | Head turned left (-34°) | confidence:85%
2026-04-03 01:27:47,880 | INFO | [HIGH] gaze_away | Looking right (ratio:0.25) | confidence:82%
2026-04-03 01:27:51,633 | INFO | [HIGH] head_turned | Head turned left (-49°) | confidence:85%
2026-04-03 01:27:55,942 | INFO | [HIGH] gaze_away | Looking left (ratio:0.41) | confidence:82%
2026-04-03 01:27:57,409 | INFO | [MEDIUM] voice_detected | Voice/sound detected (rms:0.032) | confidence:75%
2026-04-03 01:27:59,638 | INFO | [HIGH] head_turned | Head turned left (-3°) | confidence:85%
2026-04-03 01:28:05,075 | INFO | [HIGH] gaze_away | Looking left (ratio:1.28) | confidence:82%
2026-04-03 01:28:07,640 | INFO | [HIGH] head_turned | Head turned left (-29°) | confidence:85%
2026-04-03 01:28:13,115 | INFO | [HIGH] gaze_away | Looking left (ratio:0.45) | confidence:82%
2026-04-03 01:28:15,672 | INFO | [HIGH] head_turned | Head turned left (-14°) | confidence:85%
2026-04-03 01:28:23,707 | INFO | [HIGH] head_turned | Head turned right (1°) | confidence:85%
2026-04-03 01:28:31,732 | INFO | [HIGH] head_turned | Head turned left (-22°) | confidence:85%
2026-04-03 01:28:34,352 | INFO | [HIGH] gaze_away | Looking left (ratio:0.87) | confidence:82%
2026-04-03 01:28:37,174 | INFO | [HIGH] face_missing | No face detected for 10 frames | confidence:95%
2026-04-03 01:28:39,847 | INFO | [HIGH] head_turned | Head turned right (65°) | confidence:85%
2026-04-03 01:28:42,721 | INFO | [HIGH] gaze_away | Looking left (ratio:1.05) | confidence:82%
2026-04-03 01:28:45,396 | INFO | [HIGH] face_missing | No face detected for 10 frames | confidence:95%
2026-04-03 01:28:48,547 | INFO | [HIGH] head_turned | Head turned left (-38°) | confidence:85%
2026-04-03 01:28:53,546 | INFO | [HIGH] multiple_faces | 2 faces in frame | confidence:92%
2026-04-03 01:29:01,643 | INFO | [HIGH] multiple_faces | 2 faces in frame | confidence:92%
2026-04-03 01:29:09,743 | INFO | [HIGH] multiple_faces | 2 faces in frame | confidence:92%
2026-04-03 01:29:17,809 | INFO | [HIGH] multiple_faces | 2 faces in frame | confidence:92%
2026-04-03 01:29:25,766 | INFO | [HIGH] multiple_faces | 2 faces in frame | confidence:92%
2026-04-03 01:29:33,821 | INFO | [HIGH] multiple_faces | 2 faces in frame | confidence:92%
2026-04-03 01:29:40,485 | INFO | [HIGH] head_turned | Head turned left (-25°) | confidence:85%
2026-04-03 01:29:46,618 | INFO | [HIGH] multiple_faces | 2 faces in frame | confidence:92%
2026-04-03 01:29:48,474 | INFO | [HIGH] head_turned | Head turned left (-37°) | confidence:85%
2026-04-03 01:29:54,689 | INFO | [HIGH] multiple_faces | 2 faces in frame | confidence:92%
2026-04-03 01:29:58,815 | INFO | [HIGH] head_turned | Head turned left (-45°) | confidence:85%
2026-04-03 01:30:02,732 | INFO | [HIGH] multiple_faces | 2 faces in frame | confidence:92%
2026-04-03 01:30:07,077 | INFO | [HIGH] head_turned | Head turned left (-47°) | confidence:85%
2026-04-03 01:30:15,278 | INFO | [HIGH] head_turned | Head turned left (-43°) | confidence:85%
2026-04-03 01:30:21,865 | INFO | [HIGH] gaze_away | Looking right (ratio:0.23) | confidence:82%
2026-04-03 01:30:23,257 | INFO | [HIGH] head_turned | Head turned left (-54°) | confidence:85%
2026-04-03 01:30:23,867 | INFO | [HIGH] multiple_faces | 2 faces in frame | confidence:92%
2026-04-03 01:30:31,895 | INFO | [HIGH] multiple_faces | 2 faces in frame | confidence:92%
2026-04-03 01:30:39,925 | INFO | [HIGH] multiple_faces | 2 faces in frame | confidence:92%
2026-04-03 01:30:48,000 | INFO | [HIGH] multiple_faces | 2 faces in frame | confidence:92%
2026-04-03 01:30:55,988 | INFO | [HIGH] multiple_faces | 2 faces in frame | confidence:92%
2026-04-03 01:31:04,071 | INFO | [HIGH] multiple_faces | 2 faces in frame | confidence:92%
2026-04-03 01:31:11,740 | INFO | [HIGH] gaze_away | Looking right (ratio:0.28) | confidence:82%
2026-04-03 01:31:11,985 | INFO | [HIGH] head_turned | Head turned left (-37°) | confidence:85%
2026-04-03 01:31:19,952 | INFO | [HIGH] head_turned | Head turned right (24°) | confidence:85%
2026-04-03 01:31:20,829 | INFO | [HIGH] gaze_away | Looking left (ratio:1.05) | confidence:82%
2026-04-03 01:31:21,811 | INFO | [HIGH] multiple_faces | 2 faces in frame | confidence:92%
2026-04-03 01:31:26,607 | INFO | [MEDIUM] voice_detected | Voice/sound detected (rms:0.027) | confidence:75%
2026-04-03 01:31:27,940 | INFO | [HIGH] head_turned | Head turned left (-19°) | confidence:85%
2026-04-03 01:31:29,136 | INFO | [HIGH] gaze_away | Looking left (ratio:1.00) | confidence:82%
2026-04-03 01:31:29,429 | INFO | [HIGH] cheat_object_detected | Phone detected (conf:57%) | confidence:85%
2026-04-03 01:31:35,944 | INFO | [HIGH] head_turned | Head turned left (-28°) | confidence:85%
2026-04-03 01:31:40,475 | INFO | [HIGH] gaze_away | Looking right (ratio:0.27) | confidence:82%
2026-04-03 01:31:42,731 | INFO | [HIGH] multiple_faces | 2 faces in frame | confidence:92%
2026-04-03 01:31:47,965 | INFO | [HIGH] head_turned | Head turned left (-39°) | confidence:85%
2026-04-03 01:31:49,545 | INFO | [HIGH] gaze_away | Looking right (ratio:0.14) | confidence:82%
2026-04-03 01:31:50,674 | INFO | [HIGH] multiple_faces | 3 faces in frame | confidence:92%
2026-04-03 01:31:55,977 | INFO | [HIGH] head_turned | Head turned right (75°) | confidence:85%
2026-04-03 01:31:56,704 | INFO | [HIGH] face_missing | No face detected for 10 frames | confidence:95%
2026-04-03 01:31:58,174 | INFO | [HIGH] gaze_away | Looking right (ratio:0.27) | confidence:82%
2026-04-03 01:32:03,993 | INFO | [HIGH] head_turned | Head turned left (-35°) | confidence:85%
2026-04-03 01:32:09,311 | INFO | [HIGH] face_missing | No face detected for 10 frames | confidence:95%
2026-04-03 01:32:12,282 | INFO | [HIGH] head_turned | Head turned right (36°) | confidence:85%
2026-04-03 01:32:19,359 | INFO | [HIGH] gaze_away | Looking right (ratio:0.28) | confidence:82%
2026-04-03 01:32:20,709 | INFO | [HIGH] head_turned | Head turned left (-43°) | confidence:85%
2026-04-03 01:32:28,449 | INFO | [HIGH] multiple_faces | 2 faces in frame | confidence:92%
2026-04-03 01:32:30,892 | INFO | [HIGH] head_turned | Head turned left (-44°) | confidence:85%
2026-04-03 01:32:36,452 | INFO | [HIGH] multiple_faces | 3 faces in frame | confidence:92%
2026-04-03 01:32:38,903 | INFO | [HIGH] head_turned | Head turned left (-34°) | confidence:85%
2026-04-03 01:32:44,592 | INFO | [HIGH] multiple_faces | 2 faces in frame | confidence:92%
2026-04-03 01:32:52,600 | INFO | [HIGH] multiple_faces | 3 faces in frame | confidence:92%
2026-04-03 01:32:53,615 | INFO | [HIGH] head_turned | Head turned left (-19°) | confidence:85%
2026-04-03 01:33:00,613 | INFO | [HIGH] multiple_faces | 3 faces in frame | confidence:92%
2026-04-03 01:33:08,620 | INFO | [HIGH] multiple_faces | 2 faces in frame | confidence:92%
2026-04-03 01:33:15,134 | INFO | [HIGH] head_turned | Head turned left (-36°) | confidence:85%
2026-04-03 01:33:23,183 | INFO | [HIGH] head_turned | Head turned left (-39°) | confidence:85%
2026-04-03 01:33:31,223 | INFO | [HIGH] head_turned | Head turned right (15°) | confidence:85%
2026-04-03 01:33:39,912 | INFO | [HIGH] head_turned | Head turned right (2°) | confidence:85%
2026-04-03 01:33:47,514 | INFO | [HIGH] head_turned | Head turned right (12°) | confidence:85%
2026-04-03 01:33:55,453 | INFO | [HIGH] head_turned | Head turned right (24°) | confidence:85%
2026-04-03 01:33:56,315 | INFO | [HIGH] gaze_away | Looking right (ratio:0.31) | confidence:82%
2026-04-03 01:34:00,843 | INFO | [HIGH] multiple_faces | 2 faces in frame | confidence:92%
2026-04-03 01:34:08,819 | INFO | [HIGH] multiple_faces | 2 faces in frame | confidence:92%
2026-04-03 01:34:16,864 | INFO | [HIGH] multiple_faces | 2 faces in frame | confidence:92%
2026-04-03 01:34:21,587 | INFO | [HIGH] head_turned | Head turned left (-1°) | confidence:85%
2026-04-03 01:34:23,805 | INFO | [HIGH] gaze_away | Looking right (ratio:-0.08) | confidence:82%
2026-04-03 01:34:26,605 | INFO | [HIGH] multiple_faces | 2 faces in frame | confidence:92%
2026-04-03 01:34:28,335 | INFO | [HIGH] face_missing | No face detected for 10 frames | confidence:95%
2026-04-03 01:34:31,602 | INFO | [HIGH] head_turned | Head turned left (-33°) | confidence:85%
2026-04-03 01:34:34,647 | INFO | [HIGH] multiple_faces | 2 faces in frame | confidence:92%
2026-04-03 01:34:39,619 | INFO | [HIGH] head_turned | Head turned left (-0°) | confidence:85%
2026-04-03 01:34:42,707 | INFO | [HIGH] multiple_faces | 2 faces in frame | confidence:92%
2026-04-03 01:34:47,789 | INFO | [HIGH] head_turned | Head turned right (3°) | confidence:85%
2026-04-03 01:34:54,934 | INFO | [HIGH] face_missing | No face detected for 10 frames | confidence:95%
2026-04-03 01:34:58,716 | INFO | [HIGH] head_turned | Head turned right (52°) | confidence:85%
2026-04-03 01:35:06,891 | INFO | [HIGH] head_turned | Head turned right (20°) | confidence:85%
2026-04-03 01:35:15,016 | INFO | [HIGH] head_turned | Head turned right (15°) | confidence:85%
2026-04-03 01:35:22,963 | INFO | [HIGH] head_turned | Head turned right (13°) | confidence:85%
2026-04-03 01:35:30,409 | INFO | [HIGH] multiple_faces | 2 faces in frame | confidence:92%
2026-04-03 01:35:38,564 | INFO | [HIGH] head_turned | Head turned right (25°) | confidence:85%
2026-04-03 01:35:46,657 | INFO | [HIGH] head_turned | Head turned right (23°) | confidence:85%
2026-04-03 01:35:48,053 | INFO | [HIGH] face_missing | No face detected for 10 frames | confidence:95%
2026-04-03 01:35:54,789 | INFO | [HIGH] head_turned | Head turned right (20°) | confidence:85%
2026-04-03 01:36:02,815 | INFO | [HIGH] head_turned | Head turned right (18°) | confidence:85%
2026-04-03 01:36:10,899 | INFO | [HIGH] head_turned | Head turned right (19°) | confidence:85%
2026-04-03 01:36:19,024 | INFO | [HIGH] head_turned | Head turned right (19°) | confidence:85%
2026-04-03 01:36:28,212 | INFO | [HIGH] multiple_faces | 2 faces in frame | confidence:92%
2026-04-03 01:36:36,295 | INFO | [HIGH] multiple_faces | 2 faces in frame | confidence:92%
2026-04-03 01:36:50,533 | INFO | [HIGH] face_missing | No face detected for 10 frames | confidence:95%
2026-04-03 01:36:52,431 | INFO | [HIGH] multiple_faces | 2 faces in frame | confidence:92%
2026-04-03 01:37:14,381 | INFO | [HIGH] head_turned | Head turned right (44°) | confidence:85%
2026-04-03 01:37:37,914 | INFO | [HIGH] multiple_faces | 2 faces in frame | confidence:92%
2026-04-03 01:37:38,617 | INFO | [HIGH] head_turned | Head turned left (-27°) | confidence:85%
2026-04-03 01:37:40,759 | INFO | [HIGH] cheat_object_detected | TV detected (conf:52%) | confidence:85%
2026-04-03 01:37:45,449 | INFO | [HIGH] gaze_away | Looking right (ratio:0.21) | confidence:82%
2026-04-03 01:37:58,400 | INFO | [HIGH] multiple_faces | 2 faces in frame | confidence:92%
2026-04-03 01:38:03,709 | INFO | [HIGH] head_turned | Head turned left (-76°) | confidence:85%
2026-04-03 01:38:06,215 | INFO | [HIGH] multiple_faces | 2 faces in frame | confidence:92%
2026-04-03 01:38:14,235 | INFO | [HIGH] multiple_faces | 2 faces in frame | confidence:92%
2026-04-03 01:38:18,622 | INFO | [HIGH] head_turned | Head turned right (2°) | confidence:85%
2026-04-03 01:38:20,496 | INFO | [HIGH] gaze_away | Looking right (ratio:0.29) | confidence:82%
2026-04-03 01:38:28,512 | INFO | [HIGH] gaze_away | Looking left (ratio:0.33) | confidence:82%
2026-04-03 01:38:38,314 | INFO | [HIGH] multiple_faces | 2 faces in frame | confidence:92%
2026-04-03 01:38:56,976 | INFO | [HIGH] multiple_faces | 2 faces in frame | confidence:92%
2026-04-03 01:39:00,633 | INFO | [HIGH] head_turned | Head turned left (-26°) | confidence:85%
2026-04-03 01:39:12,369 | INFO | [HIGH] head_turned | Head turned left (-28°) | confidence:85%
2026-04-03 01:39:19,127 | INFO | [HIGH] multiple_faces | 2 faces in frame | confidence:92%
2026-04-03 01:39:23,655 | INFO | [HIGH] head_turned | Head turned left (-46°) | confidence:85%
2026-04-03 01:39:31,656 | INFO | [HIGH] head_turned | Head turned left (-1°) | confidence:85%
2026-04-03 01:39:36,220 | INFO | [HIGH] multiple_faces | 2 faces in frame | confidence:92%
2026-04-03 01:39:39,690 | INFO | [HIGH] head_turned | Head turned left (-58°) | confidence:85%
2026-04-03 01:39:47,254 | INFO | [HIGH] multiple_faces | 2 faces in frame | confidence:92%
2026-04-03 01:39:47,691 | INFO | [HIGH] head_turned | Head turned left (-99°) | confidence:85%
2026-04-03 01:39:48,254 | INFO | [HIGH] gaze_away | Looking right (ratio:0.11) | confidence:82%
2026-04-03 01:39:55,301 | INFO | [HIGH] multiple_faces | 2 faces in frame | confidence:92%
2026-04-03 01:39:56,623 | INFO | [HIGH] gaze_away | Looking left (ratio:0.40) | confidence:82%
2026-04-03 01:39:56,770 | INFO | [HIGH] head_turned | Head turned right (5°) | confidence:85%
2026-04-03 01:39:57,690 | INFO | [MEDIUM] voice_detected | Voice/sound detected (rms:0.032) | confidence:75%
2026-04-03 01:40:03,335 | INFO | [HIGH] multiple_faces | 2 faces in frame | confidence:92%
2026-04-03 01:40:08,569 | INFO | [HIGH] cheat_object_detected | Laptop detected (conf:56%) | confidence:85%
2026-04-03 01:40:11,324 | INFO | [HIGH] multiple_faces | 2 faces in frame | confidence:92%
2026-04-03 01:40:14,059 | INFO | [HIGH] gaze_away | Looking right (ratio:-0.08) | confidence:82%
2026-04-03 01:40:14,239 | INFO | [HIGH] head_turned | Head turned left (-34°) | confidence:85%
2026-04-03 01:40:18,172 | INFO | [MEDIUM] voice_detected | Voice/sound detected (rms:0.042) | confidence:75%
2026-04-03 01:40:22,227 | INFO | [HIGH] head_turned | Head turned left (-26°) | confidence:85%
2026-04-03 01:40:23,932 | INFO | [HIGH] face_missing | No face detected for 10 frames | confidence:95%
2026-04-03 01:40:26,192 | INFO | [MEDIUM] voice_detected | Voice/sound detected (rms:0.107) | confidence:75%
2026-04-03 01:40:30,287 | INFO | [HIGH] head_turned | Head turned left (-49°) | confidence:85%
2026-04-03 01:40:30,830 | INFO | [HIGH] gaze_away | Looking right (ratio:0.03) | confidence:82%
2026-04-03 01:40:38,332 | INFO | [HIGH] head_turned | Head turned left (-36°) | confidence:85%
2026-04-03 01:40:46,365 | INFO | [HIGH] head_turned | Head turned left (-35°) | confidence:85%
2026-04-03 01:40:54,198 | INFO | [HIGH] gaze_away | Looking right (ratio:0.23) | confidence:82%
2026-04-03 01:40:54,448 | INFO | [HIGH] head_turned | Head turned left (-62°) | confidence:85%
2026-04-03 01:41:01,991 | INFO | [HIGH] gaze_away | Looking right (ratio:0.16) | confidence:82%
2026-04-03 01:41:02,387 | INFO | [HIGH] head_turned | Head turned left (-61°) | confidence:85%
2026-04-03 01:41:11,107 | INFO | [HIGH] head_turned | Head turned left (-51°) | confidence:85%
2026-04-03 01:41:13,656 | INFO | [HIGH] gaze_away | Looking right (ratio:0.18) | confidence:82%
2026-04-03 01:41:19,314 | INFO | [HIGH] head_turned | Head turned left (-57°) | confidence:85%
2026-04-03 01:41:21,737 | INFO | [HIGH] gaze_away | Looking right (ratio:0.24) | confidence:82%
2026-04-03 01:41:27,344 | INFO | [HIGH] head_turned | Head turned right (121°) | confidence:85%
2026-04-03 01:41:28,453 | INFO | [HIGH] face_missing | No face detected for 10 frames | confidence:95%
2026-04-03 01:41:33,319 | INFO | [HIGH] gaze_away | Looking right (ratio:0.01) | confidence:82%
2026-04-03 01:41:35,841 | INFO | [HIGH] head_turned | Head turned left (-38°) | confidence:85%
2026-04-03 01:41:41,388 | INFO | [HIGH] gaze_away | Looking right (ratio:0.24) | confidence:82%
2026-04-03 01:41:43,847 | INFO | [HIGH] head_turned | Head turned left (-48°) | confidence:85%
2026-04-03 01:41:49,380 | INFO | [HIGH] gaze_away | Looking left (ratio:0.34) | confidence:82%
2026-04-03 01:41:51,849 | INFO | [HIGH] head_turned | Head turned left (-59°) | confidence:85%
2026-04-03 01:41:57,378 | INFO | [HIGH] gaze_away | Looking left (ratio:0.38) | confidence:82%
2026-04-03 01:41:59,882 | INFO | [HIGH] head_turned | Head turned left (-48°) | confidence:85%
2026-04-03 01:42:05,465 | INFO | [HIGH] gaze_away | Looking left (ratio:0.44) | confidence:82%
2026-04-03 01:42:07,926 | INFO | [HIGH] head_turned | Head turned left (-44°) | confidence:85%
2026-04-03 01:42:13,469 | INFO | [HIGH] gaze_away | Looking left (ratio:0.51) | confidence:82%
2026-04-03 01:42:16,156 | INFO | [HIGH] head_turned | Head turned left (-40°) | confidence:85%
2026-04-03 01:42:24,206 | INFO | [HIGH] head_turned | Head turned right (4°) | confidence:85%
2026-04-03 01:42:32,174 | INFO | [HIGH] head_turned | Head turned left (-31°) | confidence:85%
2026-04-03 01:42:40,354 | INFO | [HIGH] head_turned | Head turned left (-16°) | confidence:85%
2026-04-03 01:42:46,001 | INFO | [HIGH] gaze_away | Looking right (ratio:0.25) | confidence:82%
2026-04-03 01:42:48,380 | INFO | [HIGH] head_turned | Head turned left (-50°) | confidence:85%
2026-04-03 01:42:56,409 | INFO | [HIGH] head_turned | Head turned left (-4°) | confidence:85%
2026-04-03 01:43:04,503 | INFO | [HIGH] head_turned | Head turned left (-17°) | confidence:85%
2026-04-03 01:43:13,525 | INFO | [HIGH] head_turned | Head turned left (-24°) | confidence:85%
2026-04-03 01:43:20,850 | INFO | [HIGH] head_turned | Head turned left (-53°) | confidence:85%
2026-04-03 01:43:28,957 | INFO | [HIGH] head_turned | Head turned right (2°) | confidence:85%
2026-04-03 01:43:31,292 | INFO | [HIGH] face_missing | No face detected for 10 frames | confidence:95%
2026-04-03 01:43:39,777 | INFO | [HIGH] face_missing | No face detected for 66 frames | confidence:95%
2026-04-03 01:43:41,135 | INFO | [HIGH] head_turned | Head turned left (-75°) | confidence:85%
2026-04-03 01:43:49,908 | INFO | [HIGH] head_turned | Head turned left (-44°) | confidence:85%
2026-04-03 01:43:53,713 | INFO | [HIGH] face_missing | No face detected for 10 frames | confidence:95%
2026-04-03 01:43:57,342 | INFO | [HIGH] head_turned | Head turned left (-54°) | confidence:85%
